24-05-2012 01:56:09 Error: Message: SQLSTATE[42000]: Syntax error or access violation: 1064 You have an error in your SQL syntax; check the manual that corresponds to your MySQL server version for the right syntax to use near '%d/%m/%Y) AS data, usuarios.username FROM postagens JOIN usuarios ON usuarios.id' at line 1 | Trace: Array | File: C:\xampp\htdocs\easyframework\framework\Lib\Easy\Model\Datasources\PdoDatasource.php | Line: 146
24-05-2012 01:56:22 Error: Message: SQLSTATE[42000]: Syntax error or access violation: 1064 You have an error in your SQL syntax; check the manual that corresponds to your MySQL server version for the right syntax to use near '%d/%M/%Y) AS data, usuarios.username FROM postagens JOIN usuarios ON usuarios.id' at line 1 | Trace: Array | File: C:\xampp\htdocs\easyframework\framework\Lib\Easy\Model\Datasources\PdoDatasource.php | Line: 146
24-05-2012 15:39:19 Error: Code: 2 Message: get_class() expects parameter 1 to be object, string given - File: C:\xampp\htdocs\easyframework\framework\Lib\Easy\Model\Table.php on Line: 16
24-05-2012 15:39:19 Error: Message: get_class() expects parameter 1 to be object, string given | Trace: Array | File: C:\xampp\htdocs\easyframework\framework\Lib\Easy\Model\Table.php | Line: 16
24-05-2012 15:40:23 Error: Message: The eventKey variable is required | Trace: Array | File: C:\xampp\htdocs\easyframework\framework\Lib\Easy\Event\EventManager.php | Line: 104
24-05-2012 15:40:51 Error: Code: 2 Message: array_chunk() expects parameter 1 to be array, null given - File: C:\xampp\htdocs\blog\app\Controller\HomeController.php on Line: 11
24-05-2012 15:40:51 Error: Message: array_chunk() expects parameter 1 to be array, null given | Trace: Array | File: C:\xampp\htdocs\blog\app\Controller\HomeController.php | Line: 11
24-05-2012 19:06:39 Error: Code: 8 Message: Undefined property: Postagem::$usuario_id - File: C:\xampp\htdocs\blog\app\Model\Postagem.php on Line: 19
24-05-2012 19:06:39 Error: Message: Undefined property: Postagem::$usuario_id | Trace: Array | File: C:\xampp\htdocs\blog\app\Model\Postagem.php | Line: 19
24-05-2012 19:09:35 Error: Message: Syntax Error in template "C:\xampp\htdocs\blog\app\View\Pages\Home\index.tpl"  on line 15 "&lt;i class=&quot;icon-user&quot;&gt;&lt;/i&gt; {$postagem-&gt;getUsuario()-&gt;username} &lt;i class=&quot;icon-calendar&quot;&gt;&lt;/i&gt; {$postagem-&gt;data|data_format:'%d/%m/%Y'}" unknown modifier "data_format" | Trace: Array | File: C:\xampp\htdocs\easyframework\framework\Vendors\smarty\sysplugins\smarty_internal_templatecompilerbase.php | Line: 627
24-05-2012 19:09:49 Error: Code: 8 Message: Undefined property: Postagem::$data - File: C:\xampp\htdocs\blog\app\tmp\views\c0cdd228777a9389b00c9118c56104ab16390e0f.extends.index.tpl.php on Line: 164
24-05-2012 19:09:49 Error: Message: Undefined property: Postagem::$data | Trace: Array | File: C:\xampp\htdocs\blog\app\tmp\views\c0cdd228777a9389b00c9118c56104ab16390e0f.extends.index.tpl.php | Line: 164
24-05-2012 19:10:01 Error: Code: 8 Message: Undefined property: Postagem::$dataAbertura - File: C:\xampp\htdocs\blog\app\tmp\views\c0cdd228777a9389b00c9118c56104ab16390e0f.extends.index.tpl.php on Line: 164
24-05-2012 19:10:01 Error: Message: Undefined property: Postagem::$dataAbertura | Trace: Array | File: C:\xampp\htdocs\blog\app\tmp\views\c0cdd228777a9389b00c9118c56104ab16390e0f.extends.index.tpl.php | Line: 164
24-05-2012 19:31:35 Error: Code: 8 Message: Undefined index: postagem - File: C:\xampp\htdocs\blog\app\tmp\views\62b72f2fedfe787708e611db8b9080cfe86abaf1.extends.ver.tpl.php on Line: 144
24-05-2012 19:31:35 Error: Message: Undefined index: postagem | Trace: Array | File: C:\xampp\htdocs\blog\app\tmp\views\62b72f2fedfe787708e611db8b9080cfe86abaf1.extends.ver.tpl.php | Line: 144
24-05-2012 19:31:54 Error: Code: 8 Message: Trying to get property of non-object - File: C:\xampp\htdocs\blog\app\tmp\views\62b72f2fedfe787708e611db8b9080cfe86abaf1.extends.ver.tpl.php on Line: 144
24-05-2012 19:31:54 Error: Message: Trying to get property of non-object | Trace: Array | File: C:\xampp\htdocs\blog\app\tmp\views\62b72f2fedfe787708e611db8b9080cfe86abaf1.extends.ver.tpl.php | Line: 144
24-05-2012 19:32:49 Error: Code: 8 Message: Trying to get property of non-object - File: C:\xampp\htdocs\blog\app\tmp\views\62b72f2fedfe787708e611db8b9080cfe86abaf1.extends.ver.tpl.php on Line: 144
24-05-2012 19:32:49 Error: Message: Trying to get property of non-object | Trace: Array | File: C:\xampp\htdocs\blog\app\tmp\views\62b72f2fedfe787708e611db8b9080cfe86abaf1.extends.ver.tpl.php | Line: 144
24-05-2012 19:49:07 Error: Code: 8 Message: Trying to get property of non-object - File: C:\xampp\htdocs\blog\app\tmp\views\62b72f2fedfe787708e611db8b9080cfe86abaf1.extends.ver.tpl.php on Line: 144
24-05-2012 19:49:07 Error: Message: Trying to get property of non-object | Trace: Array | File: C:\xampp\htdocs\blog\app\tmp\views\62b72f2fedfe787708e611db8b9080cfe86abaf1.extends.ver.tpl.php | Line: 144
24-05-2012 19:49:44 Error: Code: 8 Message: Trying to get property of non-object - File: C:\xampp\htdocs\blog\app\tmp\views\62b72f2fedfe787708e611db8b9080cfe86abaf1.extends.ver.tpl.php on Line: 144
24-05-2012 19:49:44 Error: Message: Trying to get property of non-object | Trace: Array | File: C:\xampp\htdocs\blog\app\tmp\views\62b72f2fedfe787708e611db8b9080cfe86abaf1.extends.ver.tpl.php | Line: 144
24-05-2012 19:50:19 Error: Code: 8 Message: Trying to get property of non-object - File: C:\xampp\htdocs\blog\app\tmp\views\62b72f2fedfe787708e611db8b9080cfe86abaf1.extends.ver.tpl.php on Line: 144
24-05-2012 19:50:19 Error: Message: Trying to get property of non-object | Trace: Array | File: C:\xampp\htdocs\blog\app\tmp\views\62b72f2fedfe787708e611db8b9080cfe86abaf1.extends.ver.tpl.php | Line: 144
24-05-2012 20:03:19 Error: Code: 8 Message: Trying to get property of non-object - File: C:\xampp\htdocs\blog\app\tmp\views\62b72f2fedfe787708e611db8b9080cfe86abaf1.extends.ver.tpl.php on Line: 144
24-05-2012 20:03:19 Error: Message: Trying to get property of non-object | Trace: Array | File: C:\xampp\htdocs\blog\app\tmp\views\62b72f2fedfe787708e611db8b9080cfe86abaf1.extends.ver.tpl.php | Line: 144
24-05-2012 20:05:21 Error: Code: 8 Message: Trying to get property of non-object - File: C:\xampp\htdocs\blog\app\tmp\views\62b72f2fedfe787708e611db8b9080cfe86abaf1.extends.ver.tpl.php on Line: 144
24-05-2012 20:05:21 Error: Message: Trying to get property of non-object | Trace: Array | File: C:\xampp\htdocs\blog\app\tmp\views\62b72f2fedfe787708e611db8b9080cfe86abaf1.extends.ver.tpl.php | Line: 144
24-05-2012 20:05:24 Error: Message: Controller class postagens could not be found. | Trace: Array | File: C:\xampp\htdocs\easyframework\framework\Lib\Easy\Routing\Dispatcher.php | Line: 47
24-05-2012 20:05:26 Error: Message: Controller class postagens could not be found. | Trace: Array | File: C:\xampp\htdocs\easyframework\framework\Lib\Easy\Routing\Dispatcher.php | Line: 47
24-05-2012 20:05:30 Error: Code: 8 Message: Trying to get property of non-object - File: C:\xampp\htdocs\blog\app\tmp\views\62b72f2fedfe787708e611db8b9080cfe86abaf1.extends.ver.tpl.php on Line: 144
24-05-2012 20:05:30 Error: Message: Trying to get property of non-object | Trace: Array | File: C:\xampp\htdocs\blog\app\tmp\views\62b72f2fedfe787708e611db8b9080cfe86abaf1.extends.ver.tpl.php | Line: 144
24-05-2012 20:05:34 Error: Code: 8 Message: Trying to get property of non-object - File: C:\xampp\htdocs\blog\app\tmp\views\62b72f2fedfe787708e611db8b9080cfe86abaf1.extends.ver.tpl.php on Line: 144
24-05-2012 20:05:34 Error: Message: Trying to get property of non-object | Trace: Array | File: C:\xampp\htdocs\blog\app\tmp\views\62b72f2fedfe787708e611db8b9080cfe86abaf1.extends.ver.tpl.php | Line: 144
24-05-2012 20:06:31 Error: Code: 8 Message: Trying to get property of non-object - File: C:\xampp\htdocs\blog\app\tmp\views\62b72f2fedfe787708e611db8b9080cfe86abaf1.extends.ver.tpl.php on Line: 144
24-05-2012 20:06:31 Error: Message: Trying to get property of non-object | Trace: Array | File: C:\xampp\htdocs\blog\app\tmp\views\62b72f2fedfe787708e611db8b9080cfe86abaf1.extends.ver.tpl.php | Line: 144
24-05-2012 20:06:33 Error: Code: 8 Message: Trying to get property of non-object - File: C:\xampp\htdocs\blog\app\tmp\views\62b72f2fedfe787708e611db8b9080cfe86abaf1.extends.ver.tpl.php on Line: 144
24-05-2012 20:06:33 Error: Message: Trying to get property of non-object | Trace: Array | File: C:\xampp\htdocs\blog\app\tmp\views\62b72f2fedfe787708e611db8b9080cfe86abaf1.extends.ver.tpl.php | Line: 144
24-05-2012 20:08:51 Error: Code: 8 Message: Trying to get property of non-object - File: C:\xampp\htdocs\blog\app\tmp\views\62b72f2fedfe787708e611db8b9080cfe86abaf1.extends.ver.tpl.php on Line: 144
24-05-2012 20:08:51 Error: Message: Trying to get property of non-object | Trace: Array | File: C:\xampp\htdocs\blog\app\tmp\views\62b72f2fedfe787708e611db8b9080cfe86abaf1.extends.ver.tpl.php | Line: 144
24-05-2012 20:08:56 Error: Code: 8 Message: Trying to get property of non-object - File: C:\xampp\htdocs\blog\app\tmp\views\62b72f2fedfe787708e611db8b9080cfe86abaf1.extends.ver.tpl.php on Line: 144
24-05-2012 20:08:56 Error: Message: Trying to get property of non-object | Trace: Array | File: C:\xampp\htdocs\blog\app\tmp\views\62b72f2fedfe787708e611db8b9080cfe86abaf1.extends.ver.tpl.php | Line: 144
25-05-2012 01:52:13 Error: Code: 8 Message: Undefined variable: base - File: C:\xampp\htdocs\easyframework\framework\Lib\Easy\Routing\Mapper.php on Line: 1043
25-05-2012 01:52:13 Error: Message: Undefined variable: base | Trace: Array | File: C:\xampp\htdocs\easyframework\framework\Lib\Easy\Routing\Mapper.php | Line: 1043
25-05-2012 01:52:40 Error: Message: Controller class  could not be found. | Trace: Array | File: C:\xampp\htdocs\easyframework\framework\Lib\Easy\Routing\Dispatcher.php | Line: 47
25-05-2012 01:53:16 Error: Message: Controller class  could not be found. | Trace: Array | File: C:\xampp\htdocs\easyframework\framework\Lib\Easy\Routing\Dispatcher.php | Line: 47
25-05-2012 01:59:53 Error: Message: Controller class  could not be found. | Trace: Array | File: C:\xampp\htdocs\easyframework\framework\Lib\Easy\Routing\Dispatcher.php | Line: 47
25-05-2012 02:00:39 Error: Message: Controller class  could not be found. | Trace: Array | File: C:\xampp\htdocs\easyframework\framework\Lib\Easy\Routing\Dispatcher.php | Line: 47
25-05-2012 02:01:14 Error: Message: Controller class  could not be found. | Trace: Array | File: C:\xampp\htdocs\easyframework\framework\Lib\Easy\Routing\Dispatcher.php | Line: 47
25-05-2012 02:02:44 Error: Message: Controller class  could not be found. | Trace: Array | File: C:\xampp\htdocs\easyframework\framework\Lib\Easy\Routing\Dispatcher.php | Line: 47
25-05-2012 02:02:57 Error: Message: Controller class  could not be found. | Trace: Array | File: C:\xampp\htdocs\easyframework\framework\Lib\Easy\Routing\Dispatcher.php | Line: 47
25-05-2012 02:03:11 Error: Code: 4096 Message: Argument 2 passed to ReflectionMethod::invokeArgs() must be an array, null given, called in C:\xampp\htdocs\easyframework\framework\Lib\Easy\Routing\Dispatcher.php on line 81 and defined - File: C:\xampp\htdocs\easyframework\framework\Lib\Easy\Controller\Controller.php on Line: 599
25-05-2012 02:03:11 Error: Message: Argument 2 passed to ReflectionMethod::invokeArgs() must be an array, null given, called in C:\xampp\htdocs\easyframework\framework\Lib\Easy\Routing\Dispatcher.php on line 81 and defined | Trace: Array | File: C:\xampp\htdocs\easyframework\framework\Lib\Easy\Controller\Controller.php | Line: 599
25-05-2012 02:04:12 Error: Code: 4096 Message: Argument 2 passed to ReflectionMethod::invokeArgs() must be an array, null given, called in C:\xampp\htdocs\easyframework\framework\Lib\Easy\Routing\Dispatcher.php on line 81 and defined - File: C:\xampp\htdocs\easyframework\framework\Lib\Easy\Controller\Controller.php on Line: 599
25-05-2012 02:04:12 Error: Message: Argument 2 passed to ReflectionMethod::invokeArgs() must be an array, null given, called in C:\xampp\htdocs\easyframework\framework\Lib\Easy\Routing\Dispatcher.php on line 81 and defined | Trace: Array | File: C:\xampp\htdocs\easyframework\framework\Lib\Easy\Controller\Controller.php | Line: 599
25-05-2012 02:04:13 Error: Code: 4096 Message: Argument 2 passed to ReflectionMethod::invokeArgs() must be an array, null given, called in C:\xampp\htdocs\easyframework\framework\Lib\Easy\Routing\Dispatcher.php on line 81 and defined - File: C:\xampp\htdocs\easyframework\framework\Lib\Easy\Controller\Controller.php on Line: 599
25-05-2012 02:04:13 Error: Message: Argument 2 passed to ReflectionMethod::invokeArgs() must be an array, null given, called in C:\xampp\htdocs\easyframework\framework\Lib\Easy\Routing\Dispatcher.php on line 81 and defined | Trace: Array | File: C:\xampp\htdocs\easyframework\framework\Lib\Easy\Controller\Controller.php | Line: 599
25-05-2012 02:05:43 Error: Code: 4096 Message: Argument 2 passed to ReflectionMethod::invokeArgs() must be an array, null given, called in C:\xampp\htdocs\easyframework\framework\Lib\Easy\Routing\Dispatcher.php on line 81 and defined - File: C:\xampp\htdocs\easyframework\framework\Lib\Easy\Controller\Controller.php on Line: 599
25-05-2012 02:05:43 Error: Message: Argument 2 passed to ReflectionMethod::invokeArgs() must be an array, null given, called in C:\xampp\htdocs\easyframework\framework\Lib\Easy\Routing\Dispatcher.php on line 81 and defined | Trace: Array | File: C:\xampp\htdocs\easyframework\framework\Lib\Easy\Controller\Controller.php | Line: 599
25-05-2012 02:06:09 Error: Code: 4096 Message: Argument 2 passed to ReflectionMethod::invokeArgs() must be an array, null given, called in C:\xampp\htdocs\easyframework\framework\Lib\Easy\Routing\Dispatcher.php on line 81 and defined - File: C:\xampp\htdocs\easyframework\framework\Lib\Easy\Controller\Controller.php on Line: 600
25-05-2012 02:06:09 Error: Message: Argument 2 passed to ReflectionMethod::invokeArgs() must be an array, null given, called in C:\xampp\htdocs\easyframework\framework\Lib\Easy\Routing\Dispatcher.php on line 81 and defined | Trace: Array | File: C:\xampp\htdocs\easyframework\framework\Lib\Easy\Controller\Controller.php | Line: 600
25-05-2012 02:06:10 Error: Code: 4096 Message: Argument 2 passed to ReflectionMethod::invokeArgs() must be an array, null given, called in C:\xampp\htdocs\easyframework\framework\Lib\Easy\Routing\Dispatcher.php on line 81 and defined - File: C:\xampp\htdocs\easyframework\framework\Lib\Easy\Controller\Controller.php on Line: 600
25-05-2012 02:06:10 Error: Message: Argument 2 passed to ReflectionMethod::invokeArgs() must be an array, null given, called in C:\xampp\htdocs\easyframework\framework\Lib\Easy\Routing\Dispatcher.php on line 81 and defined | Trace: Array | File: C:\xampp\htdocs\easyframework\framework\Lib\Easy\Controller\Controller.php | Line: 600
25-05-2012 02:06:20 Error: Code: 4096 Message: Argument 2 passed to ReflectionMethod::invokeArgs() must be an array, null given, called in C:\xampp\htdocs\easyframework\framework\Lib\Easy\Routing\Dispatcher.php on line 81 and defined - File: C:\xampp\htdocs\easyframework\framework\Lib\Easy\Controller\Controller.php on Line: 600
25-05-2012 02:06:20 Error: Message: Argument 2 passed to ReflectionMethod::invokeArgs() must be an array, null given, called in C:\xampp\htdocs\easyframework\framework\Lib\Easy\Routing\Dispatcher.php on line 81 and defined | Trace: Array | File: C:\xampp\htdocs\easyframework\framework\Lib\Easy\Controller\Controller.php | Line: 600
25-05-2012 02:07:57 Error: Code: 8 Message: Undefined variable: request - File: C:\xampp\htdocs\easyframework\framework\Lib\Easy\Controller\Controller.php on Line: 598
25-05-2012 02:07:57 Error: Message: Undefined variable: request | Trace: Array | File: C:\xampp\htdocs\easyframework\framework\Lib\Easy\Controller\Controller.php | Line: 598
25-05-2012 02:07:59 Error: Code: 8 Message: Undefined variable: request - File: C:\xampp\htdocs\easyframework\framework\Lib\Easy\Controller\Controller.php on Line: 598
25-05-2012 02:07:59 Error: Message: Undefined variable: request | Trace: Array | File: C:\xampp\htdocs\easyframework\framework\Lib\Easy\Controller\Controller.php | Line: 598
25-05-2012 02:08:09 Error: Code: 8 Message: Undefined variable: request - File: C:\xampp\htdocs\easyframework\framework\Lib\Easy\Controller\Controller.php on Line: 600
25-05-2012 02:08:09 Error: Message: Undefined variable: request | Trace: Array | File: C:\xampp\htdocs\easyframework\framework\Lib\Easy\Controller\Controller.php | Line: 600
25-05-2012 02:08:55 Error: Code: 8 Message: Undefined variable: request - File: C:\xampp\htdocs\easyframework\framework\Lib\Easy\Controller\Controller.php on Line: 600
25-05-2012 02:08:55 Error: Message: Undefined variable: request | Trace: Array | File: C:\xampp\htdocs\easyframework\framework\Lib\Easy\Controller\Controller.php | Line: 600
25-05-2012 02:08:55 Error: Code: 8 Message: Undefined variable: request - File: C:\xampp\htdocs\easyframework\framework\Lib\Easy\Controller\Controller.php on Line: 600
25-05-2012 02:08:55 Error: Message: Undefined variable: request | Trace: Array | File: C:\xampp\htdocs\easyframework\framework\Lib\Easy\Controller\Controller.php | Line: 600
25-05-2012 02:08:56 Error: Code: 8 Message: Undefined variable: request - File: C:\xampp\htdocs\easyframework\framework\Lib\Easy\Controller\Controller.php on Line: 600
25-05-2012 02:08:56 Error: Message: Undefined variable: request | Trace: Array | File: C:\xampp\htdocs\easyframework\framework\Lib\Easy\Controller\Controller.php | Line: 600
25-05-2012 02:08:56 Error: Code: 8 Message: Undefined variable: request - File: C:\xampp\htdocs\easyframework\framework\Lib\Easy\Controller\Controller.php on Line: 600
25-05-2012 02:08:56 Error: Message: Undefined variable: request | Trace: Array | File: C:\xampp\htdocs\easyframework\framework\Lib\Easy\Controller\Controller.php | Line: 600
25-05-2012 02:08:56 Error: Code: 8 Message: Undefined variable: request - File: C:\xampp\htdocs\easyframework\framework\Lib\Easy\Controller\Controller.php on Line: 600
25-05-2012 02:08:56 Error: Message: Undefined variable: request | Trace: Array | File: C:\xampp\htdocs\easyframework\framework\Lib\Easy\Controller\Controller.php | Line: 600
25-05-2012 02:08:56 Error: Code: 8 Message: Undefined variable: request - File: C:\xampp\htdocs\easyframework\framework\Lib\Easy\Controller\Controller.php on Line: 600
25-05-2012 02:08:56 Error: Message: Undefined variable: request | Trace: Array | File: C:\xampp\htdocs\easyframework\framework\Lib\Easy\Controller\Controller.php | Line: 600
25-05-2012 02:08:56 Error: Code: 8 Message: Undefined variable: request - File: C:\xampp\htdocs\easyframework\framework\Lib\Easy\Controller\Controller.php on Line: 600
25-05-2012 02:08:56 Error: Message: Undefined variable: request | Trace: Array | File: C:\xampp\htdocs\easyframework\framework\Lib\Easy\Controller\Controller.php | Line: 600
25-05-2012 02:08:56 Error: Code: 8 Message: Undefined variable: request - File: C:\xampp\htdocs\easyframework\framework\Lib\Easy\Controller\Controller.php on Line: 600
25-05-2012 02:08:56 Error: Message: Undefined variable: request | Trace: Array | File: C:\xampp\htdocs\easyframework\framework\Lib\Easy\Controller\Controller.php | Line: 600
25-05-2012 02:08:56 Error: Code: 8 Message: Undefined variable: request - File: C:\xampp\htdocs\easyframework\framework\Lib\Easy\Controller\Controller.php on Line: 600
25-05-2012 02:08:56 Error: Message: Undefined variable: request | Trace: Array | File: C:\xampp\htdocs\easyframework\framework\Lib\Easy\Controller\Controller.php | Line: 600
25-05-2012 02:08:57 Error: Code: 8 Message: Undefined variable: request - File: C:\xampp\htdocs\easyframework\framework\Lib\Easy\Controller\Controller.php on Line: 600
25-05-2012 02:08:57 Error: Message: Undefined variable: request | Trace: Array | File: C:\xampp\htdocs\easyframework\framework\Lib\Easy\Controller\Controller.php | Line: 600
25-05-2012 02:09:27 Error: Code: 8 Message: Undefined variable: request - File: C:\xampp\htdocs\easyframework\framework\Lib\Easy\Controller\Controller.php on Line: 600
25-05-2012 02:09:27 Error: Message: Undefined variable: request | Trace: Array | File: C:\xampp\htdocs\easyframework\framework\Lib\Easy\Controller\Controller.php | Line: 600
25-05-2012 02:09:40 Error: Code: 4096 Message: Argument 2 passed to ReflectionMethod::invokeArgs() must be an array, null given, called in C:\xampp\htdocs\easyframework\framework\Lib\Easy\Routing\Dispatcher.php on line 81 and defined - File: C:\xampp\htdocs\easyframework\framework\Lib\Easy\Controller\Controller.php on Line: 600
25-05-2012 02:09:40 Error: Message: Argument 2 passed to ReflectionMethod::invokeArgs() must be an array, null given, called in C:\xampp\htdocs\easyframework\framework\Lib\Easy\Routing\Dispatcher.php on line 81 and defined | Trace: Array | File: C:\xampp\htdocs\easyframework\framework\Lib\Easy\Controller\Controller.php | Line: 600
25-05-2012 02:09:51 Error: Code: 4096 Message: Argument 2 passed to ReflectionMethod::invokeArgs() must be an array, null given, called in C:\xampp\htdocs\easyframework\framework\Lib\Easy\Routing\Dispatcher.php on line 81 and defined - File: C:\xampp\htdocs\easyframework\framework\Lib\Easy\Controller\Controller.php on Line: 600
25-05-2012 02:09:51 Error: Message: Argument 2 passed to ReflectionMethod::invokeArgs() must be an array, null given, called in C:\xampp\htdocs\easyframework\framework\Lib\Easy\Routing\Dispatcher.php on line 81 and defined | Trace: Array | File: C:\xampp\htdocs\easyframework\framework\Lib\Easy\Controller\Controller.php | Line: 600
25-05-2012 02:10:01 Error: Code: 8 Message: Undefined variable: model - File: C:\xampp\htdocs\easyframework\framework\Lib\Easy\Controller\Controller.php on Line: 686
25-05-2012 02:10:01 Error: Message: Undefined variable: model | Trace: Array | File: C:\xampp\htdocs\easyframework\framework\Lib\Easy\Controller\Controller.php | Line: 686
25-05-2012 02:22:42 Error: Message: Controller class Lorem+Ipsum+4 could not be found. | Trace: Array | File: C:\xampp\htdocs\easyframework\framework\Lib\Easy\Routing\Dispatcher.php | Line: 47
25-05-2012 02:25:41 Error: Message: Controller class login could not be found. | Trace: Array | File: C:\xampp\htdocs\easyframework\framework\Lib\Easy\Routing\Dispatcher.php | Line: 47
25-05-2012 02:27:10 Error: Message: Controller class  could not be found. | Trace: Array | File: C:\xampp\htdocs\easyframework\framework\Lib\Easy\Routing\Dispatcher.php | Line: 47
25-05-2012 02:28:06 Error: Message: Controller class  could not be found. | Trace: Array | File: C:\xampp\htdocs\easyframework\framework\Lib\Easy\Routing\Dispatcher.php | Line: 47
25-05-2012 02:28:42 Error: Message: Controller class  could not be found. | Trace: Array | File: C:\xampp\htdocs\easyframework\framework\Lib\Easy\Routing\Dispatcher.php | Line: 47
25-05-2012 02:28:43 Error: Message: Controller class  could not be found. | Trace: Array | File: C:\xampp\htdocs\easyframework\framework\Lib\Easy\Routing\Dispatcher.php | Line: 47
25-05-2012 02:28:43 Error: Message: Controller class  could not be found. | Trace: Array | File: C:\xampp\htdocs\easyframework\framework\Lib\Easy\Routing\Dispatcher.php | Line: 47
25-05-2012 02:28:44 Error: Message: Controller class  could not be found. | Trace: Array | File: C:\xampp\htdocs\easyframework\framework\Lib\Easy\Routing\Dispatcher.php | Line: 47
25-05-2012 02:28:44 Error: Message: Controller class  could not be found. | Trace: Array | File: C:\xampp\htdocs\easyframework\framework\Lib\Easy\Routing\Dispatcher.php | Line: 47
25-05-2012 02:28:44 Error: Message: Controller class  could not be found. | Trace: Array | File: C:\xampp\htdocs\easyframework\framework\Lib\Easy\Routing\Dispatcher.php | Line: 47
25-05-2012 02:28:44 Error: Message: Controller class  could not be found. | Trace: Array | File: C:\xampp\htdocs\easyframework\framework\Lib\Easy\Routing\Dispatcher.php | Line: 47
25-05-2012 02:28:44 Error: Message: Controller class  could not be found. | Trace: Array | File: C:\xampp\htdocs\easyframework\framework\Lib\Easy\Routing\Dispatcher.php | Line: 47
25-05-2012 02:31:28 Error: Message: Controller class Lorem+Ipsum+1 could not be found. | Trace: Array | File: C:\xampp\htdocs\easyframework\framework\Lib\Easy\Routing\Dispatcher.php | Line: 47
25-05-2012 02:33:16 Error: Code: 2 Message: Missing argument 1 for PostagemController::author() - File: C:\xampp\htdocs\blog\app\Controller\PostagemController.php on Line: 14
25-05-2012 02:33:16 Error: Message: Missing argument 1 for PostagemController::author() | Trace: Array | File: C:\xampp\htdocs\blog\app\Controller\PostagemController.php | Line: 14
25-05-2012 02:39:49 Error: Code: 2 Message: rawurlencode() expects parameter 1 to be string, array given - File: C:\xampp\htdocs\easyframework\framework\Lib\Easy\Routing\Route\Route.php on Line: 490
25-05-2012 02:39:49 Error: Message: rawurlencode() expects parameter 1 to be string, array given | Trace: Array | File: C:\xampp\htdocs\easyframework\framework\Lib\Easy\Routing\Route\Route.php | Line: 490
25-05-2012 02:40:50 Error: Code: 2 Message: rawurlencode() expects parameter 1 to be string, array given - File: C:\xampp\htdocs\easyframework\framework\Lib\Easy\Routing\Route\Route.php on Line: 490
25-05-2012 02:40:50 Error: Message: rawurlencode() expects parameter 1 to be string, array given | Trace: Array | File: C:\xampp\htdocs\easyframework\framework\Lib\Easy\Routing\Route\Route.php | Line: 490
25-05-2012 02:40:52 Error: Code: 2 Message: rawurlencode() expects parameter 1 to be string, array given - File: C:\xampp\htdocs\easyframework\framework\Lib\Easy\Routing\Route\Route.php on Line: 490
25-05-2012 02:40:52 Error: Message: rawurlencode() expects parameter 1 to be string, array given | Trace: Array | File: C:\xampp\htdocs\easyframework\framework\Lib\Easy\Routing\Route\Route.php | Line: 490
25-05-2012 02:41:20 Error: Code: 2 Message: rawurlencode() expects parameter 1 to be string, array given - File: C:\xampp\htdocs\easyframework\framework\Lib\Easy\Routing\Route\Route.php on Line: 490
25-05-2012 02:41:20 Error: Message: rawurlencode() expects parameter 1 to be string, array given | Trace: Array | File: C:\xampp\htdocs\easyframework\framework\Lib\Easy\Routing\Route\Route.php | Line: 490
25-05-2012 02:42:12 Error: Code: 2 Message: Missing argument 1 for PostagemController::author() - File: C:\xampp\htdocs\blog\app\Controller\PostagemController.php on Line: 14
25-05-2012 02:42:12 Error: Message: Missing argument 1 for PostagemController::author() | Trace: Array | File: C:\xampp\htdocs\blog\app\Controller\PostagemController.php | Line: 14
25-05-2012 02:42:53 Error: Message: Controller class localhost could not be found. | Trace: Array | File: C:\xampp\htdocs\easyframework\framework\Lib\Easy\Routing\Dispatcher.php | Line: 47
25-05-2012 02:43:24 Error: Message: Controller class blog could not be found. | Trace: Array | File: C:\xampp\htdocs\easyframework\framework\Lib\Easy\Routing\Dispatcher.php | Line: 47
25-05-2012 02:44:46 Error: Code: 2 Message: Missing argument 1 for PostagemController::ver() - File: C:\xampp\htdocs\blog\app\Controller\PostagemController.php on Line: 10
25-05-2012 02:44:46 Error: Message: Missing argument 1 for PostagemController::ver() | Trace: Array | File: C:\xampp\htdocs\blog\app\Controller\PostagemController.php | Line: 10
25-05-2012 02:44:52 Error: Code: 2 Message: Missing argument 1 for PostagemController::ver() - File: C:\xampp\htdocs\blog\app\Controller\PostagemController.php on Line: 10
25-05-2012 02:44:52 Error: Message: Missing argument 1 for PostagemController::ver() | Trace: Array | File: C:\xampp\htdocs\blog\app\Controller\PostagemController.php | Line: 10
25-05-2012 02:45:05 Error: Message: Controller class Lorem+Ipsum+1 could not be found. | Trace: Array | File: C:\xampp\htdocs\easyframework\framework\Lib\Easy\Routing\Dispatcher.php | Line: 47
25-05-2012 02:46:57 Error: Code: 8 Message: Trying to get property of non-object - File: C:\xampp\htdocs\blog\app\tmp\views\62b72f2fedfe787708e611db8b9080cfe86abaf1.extends.ver.tpl.php on Line: 144
25-05-2012 02:46:57 Error: Message: Trying to get property of non-object | Trace: Array | File: C:\xampp\htdocs\blog\app\tmp\views\62b72f2fedfe787708e611db8b9080cfe86abaf1.extends.ver.tpl.php | Line: 144
25-05-2012 02:47:00 Error: Code: 8 Message: Trying to get property of non-object - File: C:\xampp\htdocs\blog\app\tmp\views\62b72f2fedfe787708e611db8b9080cfe86abaf1.extends.ver.tpl.php on Line: 144
25-05-2012 02:47:00 Error: Message: Trying to get property of non-object | Trace: Array | File: C:\xampp\htdocs\blog\app\tmp\views\62b72f2fedfe787708e611db8b9080cfe86abaf1.extends.ver.tpl.php | Line: 144
25-05-2012 02:47:09 Error: Code: 8 Message: Trying to get property of non-object - File: C:\xampp\htdocs\blog\app\tmp\views\62b72f2fedfe787708e611db8b9080cfe86abaf1.extends.ver.tpl.php on Line: 144
25-05-2012 02:47:09 Error: Message: Trying to get property of non-object | Trace: Array | File: C:\xampp\htdocs\blog\app\tmp\views\62b72f2fedfe787708e611db8b9080cfe86abaf1.extends.ver.tpl.php | Line: 144
25-05-2012 02:53:16 Error: Code: 2 Message: Missing argument 1 for PostagemController::ver() - File: C:\xampp\htdocs\blog\app\Controller\PostagemController.php on Line: 10
25-05-2012 02:53:16 Error: Message: Missing argument 1 for PostagemController::ver() | Trace: Array | File: C:\xampp\htdocs\blog\app\Controller\PostagemController.php | Line: 10
25-05-2012 02:53:27 Error: Code: 2 Message: Missing argument 1 for PostagemController::ver() - File: C:\xampp\htdocs\blog\app\Controller\PostagemController.php on Line: 10
25-05-2012 02:53:27 Error: Message: Missing argument 1 for PostagemController::ver() | Trace: Array | File: C:\xampp\htdocs\blog\app\Controller\PostagemController.php | Line: 10
25-05-2012 02:53:40 Error: Code: 2 Message: Missing argument 1 for PostagemController::ver() - File: C:\xampp\htdocs\blog\app\Controller\PostagemController.php on Line: 10
25-05-2012 02:53:40 Error: Message: Missing argument 1 for PostagemController::ver() | Trace: Array | File: C:\xampp\htdocs\blog\app\Controller\PostagemController.php | Line: 10
25-05-2012 02:55:11 Error: Code: 2 Message: Missing argument 1 for PostagemController::ver() - File: C:\xampp\htdocs\blog\app\Controller\PostagemController.php on Line: 10
25-05-2012 02:55:11 Error: Message: Missing argument 1 for PostagemController::ver() | Trace: Array | File: C:\xampp\htdocs\blog\app\Controller\PostagemController.php | Line: 10
25-05-2012 03:21:34 Error: Code: 2 Message: Missing argument 1 for PostagemController::ver() - File: C:\xampp\htdocs\blog\app\Controller\PostagemController.php on Line: 10
25-05-2012 03:21:34 Error: Message: Missing argument 1 for PostagemController::ver() | Trace: Array | File: C:\xampp\htdocs\blog\app\Controller\PostagemController.php | Line: 10
25-05-2012 03:22:59 Error: Code: 8 Message: Trying to get property of non-object - File: C:\xampp\htdocs\blog\app\tmp\views\62b72f2fedfe787708e611db8b9080cfe86abaf1.extends.ver.tpl.php on Line: 144
25-05-2012 03:22:59 Error: Message: Trying to get property of non-object | Trace: Array | File: C:\xampp\htdocs\blog\app\tmp\views\62b72f2fedfe787708e611db8b9080cfe86abaf1.extends.ver.tpl.php | Line: 144
25-05-2012 03:23:00 Error: Code: 8 Message: Trying to get property of non-object - File: C:\xampp\htdocs\blog\app\tmp\views\62b72f2fedfe787708e611db8b9080cfe86abaf1.extends.ver.tpl.php on Line: 144
25-05-2012 03:23:00 Error: Message: Trying to get property of non-object | Trace: Array | File: C:\xampp\htdocs\blog\app\tmp\views\62b72f2fedfe787708e611db8b9080cfe86abaf1.extends.ver.tpl.php | Line: 144
25-05-2012 03:23:01 Error: Code: 8 Message: Trying to get property of non-object - File: C:\xampp\htdocs\blog\app\tmp\views\62b72f2fedfe787708e611db8b9080cfe86abaf1.extends.ver.tpl.php on Line: 144
25-05-2012 03:23:01 Error: Message: Trying to get property of non-object | Trace: Array | File: C:\xampp\htdocs\blog\app\tmp\views\62b72f2fedfe787708e611db8b9080cfe86abaf1.extends.ver.tpl.php | Line: 144
25-05-2012 03:23:01 Error: Code: 8 Message: Trying to get property of non-object - File: C:\xampp\htdocs\blog\app\tmp\views\62b72f2fedfe787708e611db8b9080cfe86abaf1.extends.ver.tpl.php on Line: 144
25-05-2012 03:23:01 Error: Message: Trying to get property of non-object | Trace: Array | File: C:\xampp\htdocs\blog\app\tmp\views\62b72f2fedfe787708e611db8b9080cfe86abaf1.extends.ver.tpl.php | Line: 144
25-05-2012 03:23:01 Error: Code: 8 Message: Trying to get property of non-object - File: C:\xampp\htdocs\blog\app\tmp\views\62b72f2fedfe787708e611db8b9080cfe86abaf1.extends.ver.tpl.php on Line: 144
25-05-2012 03:23:01 Error: Message: Trying to get property of non-object | Trace: Array | File: C:\xampp\htdocs\blog\app\tmp\views\62b72f2fedfe787708e611db8b9080cfe86abaf1.extends.ver.tpl.php | Line: 144
25-05-2012 03:23:36 Error: Message: Controller class Lorem+Ipsum+1 could not be found. | Trace: Array | File: C:\xampp\htdocs\easyframework\framework\Lib\Easy\Routing\Dispatcher.php | Line: 47
25-05-2012 03:23:43 Error: Message: Controller class  could not be found. | Trace: Array | File: C:\xampp\htdocs\easyframework\framework\Lib\Easy\Routing\Dispatcher.php | Line: 47
25-05-2012 03:23:46 Error: Message: Controller class  could not be found. | Trace: Array | File: C:\xampp\htdocs\easyframework\framework\Lib\Easy\Routing\Dispatcher.php | Line: 47
25-05-2012 03:25:18 Error: Code: 8 Message: Trying to get property of non-object - File: C:\xampp\htdocs\blog\app\tmp\views\62b72f2fedfe787708e611db8b9080cfe86abaf1.extends.ver.tpl.php on Line: 144
25-05-2012 03:25:18 Error: Message: Trying to get property of non-object | Trace: Array | File: C:\xampp\htdocs\blog\app\tmp\views\62b72f2fedfe787708e611db8b9080cfe86abaf1.extends.ver.tpl.php | Line: 144
25-05-2012 03:25:22 Error: Code: 8 Message: Trying to get property of non-object - File: C:\xampp\htdocs\blog\app\tmp\views\62b72f2fedfe787708e611db8b9080cfe86abaf1.extends.ver.tpl.php on Line: 144
25-05-2012 03:25:22 Error: Message: Trying to get property of non-object | Trace: Array | File: C:\xampp\htdocs\blog\app\tmp\views\62b72f2fedfe787708e611db8b9080cfe86abaf1.extends.ver.tpl.php | Line: 144
25-05-2012 03:26:24 Error: Code: 8 Message: Trying to get property of non-object - File: C:\xampp\htdocs\blog\app\tmp\views\62b72f2fedfe787708e611db8b9080cfe86abaf1.extends.ver.tpl.php on Line: 144
25-05-2012 03:26:24 Error: Message: Trying to get property of non-object | Trace: Array | File: C:\xampp\htdocs\blog\app\tmp\views\62b72f2fedfe787708e611db8b9080cfe86abaf1.extends.ver.tpl.php | Line: 144
25-05-2012 03:26:28 Error: Code: 8 Message: Trying to get property of non-object - File: C:\xampp\htdocs\blog\app\tmp\views\62b72f2fedfe787708e611db8b9080cfe86abaf1.extends.ver.tpl.php on Line: 144
25-05-2012 03:26:28 Error: Message: Trying to get property of non-object | Trace: Array | File: C:\xampp\htdocs\blog\app\tmp\views\62b72f2fedfe787708e611db8b9080cfe86abaf1.extends.ver.tpl.php | Line: 144
25-05-2012 03:26:33 Error: Code: 8 Message: Trying to get property of non-object - File: C:\xampp\htdocs\blog\app\tmp\views\62b72f2fedfe787708e611db8b9080cfe86abaf1.extends.ver.tpl.php on Line: 144
25-05-2012 03:26:33 Error: Message: Trying to get property of non-object | Trace: Array | File: C:\xampp\htdocs\blog\app\tmp\views\62b72f2fedfe787708e611db8b9080cfe86abaf1.extends.ver.tpl.php | Line: 144
25-05-2012 03:30:27 Error: Message: Controller class Lorem+Ipsum+2 could not be found. | Trace: Array | File: C:\xampp\htdocs\easyframework\framework\Lib\Easy\Routing\Dispatcher.php | Line: 47
25-05-2012 03:41:16 Error: Message: Controller class dgf could not be found. | Trace: Array | File: C:\xampp\htdocs\easyframework\framework\Lib\Easy\Routing\Dispatcher.php | Line: 47
25-05-2012 03:44:09 Error: Message: View file "admin_index.tpl" is missing. The Controller Home has no view for the action admin_index | Trace: Array | File: C:\xampp\htdocs\easyframework\framework\Lib\Easy\View\Engine\SmartyEngine.php | Line: 47
25-05-2012 03:44:31 Error: Code: 8 Message: Undefined index: total - File: C:\xampp\htdocs\blog\app\tmp\views\80596c271503532c9e2f9552667db46ede5f4b86.extends.admin_index.tpl.php on Line: 150
25-05-2012 03:44:31 Error: Message: Undefined index: total | Trace: Array | File: C:\xampp\htdocs\blog\app\tmp\views\80596c271503532c9e2f9552667db46ede5f4b86.extends.admin_index.tpl.php | Line: 150
25-05-2012 19:11:09 Error: Message: Controller class blog could not be found. | Trace: Array | File: C:\xampp\htdocs\easyframework\framework\Lib\Easy\Routing\Dispatcher.php | Line: 47
25-05-2012 19:16:54 Error: Message: Controller class blog could not be found. | Trace: Array | File: C:\xampp\htdocs\easyframework\framework\Lib\Easy\Routing\Dispatcher.php | Line: 47
25-05-2012 19:42:22 Error: Message: Syntax Error in template "C:\xampp\htdocs\blog\app\View\Layouts\Layout.tpl"  on line 116 "'/assets/js/bootstrap.min.js',"  - Unexpected "
                        ", expected one of: "","" , "]" | Trace: Array | File: C:\xampp\htdocs\easyframework\framework\Vendors\smarty\sysplugins\smarty_internal_templatecompilerbase.php | Line: 627
26-05-2012 10:26:38 Error: Message: Controller class Lorem+Ipsum+1 could not be found. | Trace: Array | File: C:\xampp\htdocs\easyframework\framework\Lib\Easy\Routing\Dispatcher.php | Line: 47
